<?xml version="1.0" encoding="UTF-8"?>
<!-- Generated by org.testng.reporters.JUnitReportReporter -->
<testsuite hostname="SeleniumVirtualBox" name="runners.CucumberRunner" tests="1" failures="0" timestamp="4 May 2016 14:07:37 GMT" time="48.106" errors="0">
  <testcase name="feature" time="48.106" classname="runners.CucumberRunner"/>
</testsuite> <!-- runners.CucumberRunner -->
