<?xml version="1.0" encoding="UTF-8"?>
<!-- Generated by org.testng.reporters.JUnitReportReporter -->
<testsuite hostname="SeleniumVirtualBox" name="runners.TestRunner" tests="1" failures="0" timestamp="4 May 2016 13:18:54 GMT" time="36.794" errors="0">
  <testcase name="feature" time="36.794" classname="runners.TestRunner"/>
</testsuite> <!-- runners.TestRunner -->
